--- Copying files at Thu Dec 17 10:01:55 UTC 2020
INSTALLED plugins/workflow-job.jpi : 2.40
INSTALLED plugins/kubernetes-client-api.jpi : 4.11.1
INSTALLED plugins/jquery3-api.jpi : 3.5.1-2
INSTALLED plugins/pipeline-stage-tags-metadata.jpi : 1.7.2
INSTALLED plugins/workflow-basic-steps.jpi : 2.23
INSTALLED plugins/matrix-project.jpi : 1.18
INSTALLED plugins/branch-api.jpi : 2.6.2
INSTALLED plugins/script-security.jpi : 1.75
INSTALLED plugins/structs.jpi : 1.20
INSTALLED plugins/pipeline-stage-step.jpi : 2.5
INSTALLED plugins/jackson2-api.jpi : 2.12.0
INSTALLED plugins/workflow-support.jpi : 3.7
INSTALLED plugins/momentjs.jpi : 1.1.1
INSTALLED plugins/workflow-step-api.jpi : 2.23
INSTALLED plugins/cloudbees-folder.jpi : 6.15
INSTALLED plugins/ssh-credentials.jpi : 1.18.1
INSTALLED plugins/jsch.jpi : 0.1.55.2
INSTALLED plugins/credentials-binding.jpi : 1.24
INSTALLED plugins/pipeline-milestone-step.jpi : 1.3.1
INSTALLED plugins/variant.jpi : 1.3
INSTALLED plugins/font-awesome-api.jpi : 5.15.1-1
INSTALLED plugins/display-url-api.jpi : 2.3.4
INSTALLED plugins/git-server.jpi : 1.9
INSTALLED plugins/popper-api.jpi : 1.16.0-7
INSTALLED plugins/workflow-durable-task-step.jpi : 2.37
INSTALLED plugins/junit.jpi : 1.47
INSTALLED plugins/workflow-multibranch.jpi : 2.22
INSTALLED plugins/credentials.jpi : 2.3.14
INSTALLED plugins/snakeyaml-api.jpi : 1.27.0
INSTALLED plugins/handlebars.jpi : 1.1.1
INSTALLED plugins/workflow-api.jpi : 2.40
INSTALLED plugins/pipeline-model-definition.jpi : 1.7.2
INSTALLED plugins/workflow-cps-global-lib.jpi : 2.17
INSTALLED plugins/plain-credentials.jpi : 1.7
INSTALLED plugins/kubernetes.jpi : 1.27.6
INSTALLED plugins/workflow-aggregator.jpi : 2.6
INSTALLED plugins/trilead-api.jpi : 1.0.13
INSTALLED plugins/durable-task.jpi : 1.35
INSTALLED plugins/echarts-api.jpi : 4.9.0-2
INSTALLED plugins/plugin-util-api.jpi : 1.6.0
INSTALLED plugins/pipeline-build-step.jpi : 2.13
INSTALLED plugins/pipeline-graph-analysis.jpi : 1.10
INSTALLED plugins/kubernetes-credentials.jpi : 0.7.0
INSTALLED plugins/checks-api.jpi : 1.1.1
INSTALLED plugins/scm-api.jpi : 2.6.4
INSTALLED plugins/git-client.jpi : 3.5.1
INSTALLED plugins/lockable-resources.jpi : 2.10
INSTALLED plugins/apache-httpcomponents-client-4-api.jpi : 4.5.10-2.0
INSTALLED plugins/workflow-scm-step.jpi : 2.11
INSTALLED plugins/git.jpi : 4.4.5
INSTALLED plugins/ace-editor.jpi : 1.1
INSTALLED plugins/pipeline-stage-view.jpi : 2.19
INSTALLED plugins/pipeline-rest-api.jpi : 2.19
INSTALLED plugins/pipeline-input-step.jpi : 2.12
INSTALLED plugins/bouncycastle-api.jpi : 2.18
INSTALLED plugins/configuration-as-code.jpi : 1.46
INSTALLED plugins/mailer.jpi : 1.32.1
INSTALLED plugins/workflow-cps.jpi : 2.87
INSTALLED plugins/pipeline-model-api.jpi : 1.7.2
INSTALLED plugins/bootstrap4-api.jpi : 4.5.3-1
INSTALLED plugins/authentication-tokens.jpi : 1.4
INSTALLED plugins/pipeline-model-extensions.jpi : 1.7.2
